Base path: 'C:/Program Files/Unity/Hub/Editor/2019.4.40f1/Editor/Data', plugins path 'C:/Program Files/Unity/Hub/Editor/2019.4.40f1/Editor/Data/PlaybackEngines'
Cmd: initializeCompiler
Cmd: compileSnippet
  api=4 type=0 insize=16577 outsize=5414 kw=_SUNDISK_NONE pd=UNITY_ENABLE_REFLECTION_BUFFERS UNITY_USE_DITHER_MASK_FOR_ALPHABLENDED_SHADOWS UNITY_PBS_USE_BRDF1 UNITY_SPECCUBE_BOX_PROJECTION UNITY_SPECCUBE_BLENDING UNITY_ENABLE_DETAIL_NORMALMAP SHADER_API_DESKTOP UNITY_COLORSPACE_GAMMA UNITY_LIGHT_PROBE_PROXY_VOLUME UNITY_LIGHTMAP_FULL_HDR ok=1
Cmd: compileSnippet
  api=4 type=1 insize=16577 outsize=474 kw=_SUNDISK_NONE pd=UNITY_ENABLE_REFLECTION_BUFFERS UNITY_USE_DITHER_MASK_FOR_ALPHABLENDED_SHADOWS UNITY_PBS_USE_BRDF1 UNITY_SPECCUBE_BOX_PROJECTION UNITY_SPECCUBE_BLENDING UNITY_ENABLE_DETAIL_NORMALMAP SHADER_API_DESKTOP UNITY_COLORSPACE_GAMMA UNITY_LIGHT_PROBE_PROXY_VOLUME UNITY_LIGHTMAP_FULL_HDR ok=1
Cmd: compileSnippet
  api=4 type=0 insize=1302 outsize=1446 kw=UNITY_PASS_SHADOWCASTER SHADOWS_DEPTH pd=UNITY_ENABLE_REFLECTION_BUFFERS UNITY_USE_DITHER_MASK_FOR_ALPHABLENDED_SHADOWS UNITY_PBS_USE_BRDF1 UNITY_SPECCUBE_BOX_PROJECTION UNITY_SPECCUBE_BLENDING UNITY_ENABLE_DETAIL_NORMALMAP SHADER_API_DESKTOP UNITY_COLORSPACE_GAMMA UNITY_LIGHT_PROBE_PROXY_VOLUME UNITY_LIGHTMAP_FULL_HDR ok=1
Cmd: compileSnippet
  api=4 type=1 insize=1302 outsize=250 kw=UNITY_PASS_SHADOWCASTER SHADOWS_DEPTH pd=UNITY_ENABLE_REFLECTION_BUFFERS UNITY_USE_DITHER_MASK_FOR_ALPHABLENDED_SHADOWS UNITY_PBS_USE_BRDF1 UNITY_SPECCUBE_BOX_PROJECTION UNITY_SPECCUBE_BLENDING UNITY_ENABLE_DETAIL_NORMALMAP SHADER_API_DESKTOP UNITY_COLORSPACE_GAMMA UNITY_LIGHT_PROBE_PROXY_VOLUME UNITY_LIGHTMAP_FULL_HDR ok=1
Cmd: compileSnippet
  api=4 type=0 insize=1602 outsize=1926 kw=UNITY_PASS_FORWARDBASE DIRECTIONAL LIGHTPROBE_SH pd=UNITY_ENABLE_REFLECTION_BUFFERS UNITY_USE_DITHER_MASK_FOR_ALPHABLENDED_SHADOWS UNITY_PBS_USE_BRDF1 UNITY_SPECCUBE_BOX_PROJECTION UNITY_SPECCUBE_BLENDING UNITY_ENABLE_DETAIL_NORMALMAP SHADER_API_DESKTOP UNITY_COLORSPACE_GAMMA UNITY_LIGHT_PROBE_PROXY_VOLUME UNITY_LIGHTMAP_FULL_HDR ok=1
Cmd: compileSnippet
  api=4 type=1 insize=1602 outsize=6846 kw=UNITY_PASS_FORWARDBASE DIRECTIONAL LIGHTPROBE_SH pd=UNITY_ENABLE_REFLECTION_BUFFERS UNITY_USE_DITHER_MASK_FOR_ALPHABLENDED_SHADOWS UNITY_PBS_USE_BRDF1 UNITY_SPECCUBE_BOX_PROJECTION UNITY_SPECCUBE_BLENDING UNITY_ENABLE_DETAIL_NORMALMAP SHADER_API_DESKTOP UNITY_COLORSPACE_GAMMA UNITY_LIGHT_PROBE_PROXY_VOLUME UNITY_LIGHTMAP_FULL_HDR ok=1
Cmd: compileSnippet
  api=4 type=0 insize=1460 outsize=1722 kw=UNITY_PASS_FORWARDADD DIRECTIONAL pd=UNITY_ENABLE_REFLECTION_BUFFERS UNITY_USE_DITHER_MASK_FOR_ALPHABLENDED_SHADOWS UNITY_PBS_USE_BRDF1 UNITY_SPECCUBE_BOX_PROJECTION UNITY_SPECCUBE_BLENDING UNITY_ENABLE_DETAIL_NORMALMAP SHADER_API_DESKTOP UNITY_COLORSPACE_GAMMA UNITY_LIGHT_PROBE_PROXY_VOLUME UNITY_LIGHTMAP_FULL_HDR ok=1
Cmd: compileSnippet
  api=4 type=1 insize=1460 outsize=3410 kw=UNITY_PASS_FORWARDADD DIRECTIONAL pd=UNITY_ENABLE_REFLECTION_BUFFERS UNITY_USE_DITHER_MASK_FOR_ALPHABLENDED_SHADOWS UNITY_PBS_USE_BRDF1 UNITY_SPECCUBE_BOX_PROJECTION UNITY_SPECCUBE_BLENDING UNITY_ENABLE_DETAIL_NORMALMAP SHADER_API_DESKTOP UNITY_COLORSPACE_GAMMA UNITY_LIGHT_PROBE_PROXY_VOLUME UNITY_LIGHTMAP_FULL_HDR ok=1
Cmd: compileSnippet
  api=4 type=0 insize=944 outsize=1446 kw=UNITY_PASS_SHADOWCASTER SHADOWS_DEPTH pd=UNITY_ENABLE_REFLECTION_BUFFERS UNITY_USE_DITHER_MASK_FOR_ALPHABLENDED_SHADOWS UNITY_PBS_USE_BRDF1 UNITY_SPECCUBE_BOX_PROJECTION UNITY_SPECCUBE_BLENDING UNITY_ENABLE_DETAIL_NORMALMAP SHADER_API_DESKTOP UNITY_COLORSPACE_GAMMA UNITY_LIGHT_PROBE_PROXY_VOLUME UNITY_LIGHTMAP_FULL_HDR ok=1
Cmd: compileSnippet
  api=4 type=1 insize=944 outsize=250 kw=UNITY_PASS_SHADOWCASTER SHADOWS_DEPTH pd=UNITY_ENABLE_REFLECTION_BUFFERS UNITY_USE_DITHER_MASK_FOR_ALPHABLENDED_SHADOWS UNITY_PBS_USE_BRDF1 UNITY_SPECCUBE_BOX_PROJECTION UNITY_SPECCUBE_BLENDING UNITY_ENABLE_DETAIL_NORMALMAP SHADER_API_DESKTOP UNITY_COLORSPACE_GAMMA UNITY_LIGHT_PROBE_PROXY_VOLUME UNITY_LIGHTMAP_FULL_HDR ok=1
Cmd: compileSnippet
  api=4 type=0 insize=17587 outsize=1918 kw=UNITY_PASS_FORWARDBASE DIRECTIONAL LIGHTPROBE_SH pd=UNITY_ENABLE_REFLECTION_BUFFERS UNITY_USE_DITHER_MASK_FOR_ALPHABLENDED_SHADOWS UNITY_PBS_USE_BRDF1 UNITY_SPECCUBE_BOX_PROJECTION UNITY_SPECCUBE_BLENDING UNITY_ENABLE_DETAIL_NORMALMAP SHADER_API_DESKTOP UNITY_COLORSPACE_GAMMA UNITY_LIGHT_PROBE_PROXY_VOLUME UNITY_LIGHTMAP_FULL_HDR ok=1
Cmd: compileSnippet
  api=4 type=1 insize=17587 outsize=1318 kw=UNITY_PASS_FORWARDBASE DIRECTIONAL LIGHTPROBE_SH pd=UNITY_ENABLE_REFLECTION_BUFFERS UNITY_USE_DITHER_MASK_FOR_ALPHABLENDED_SHADOWS UNITY_PBS_USE_BRDF1 UNITY_SPECCUBE_BOX_PROJECTION UNITY_SPECCUBE_BLENDING UNITY_ENABLE_DETAIL_NORMALMAP SHADER_API_DESKTOP UNITY_COLORSPACE_GAMMA UNITY_LIGHT_PROBE_PROXY_VOLUME UNITY_LIGHTMAP_FULL_HDR ok=1
Cmd: compileSnippet
  api=4 type=0 insize=4377 outsize=1250 kw=UNITY_PASS_FORWARDADD DIRECTIONAL pd=UNITY_ENABLE_REFLECTION_BUFFERS UNITY_USE_DITHER_MASK_FOR_ALPHABLENDED_SHADOWS UNITY_PBS_USE_BRDF1 UNITY_SPECCUBE_BOX_PROJECTION UNITY_SPECCUBE_BLENDING UNITY_ENABLE_DETAIL_NORMALMAP SHADER_API_DESKTOP UNITY_COLORSPACE_GAMMA UNITY_LIGHT_PROBE_PROXY_VOLUME UNITY_LIGHTMAP_FULL_HDR ok=1
Cmd: compileSnippet
  api=4 type=1 insize=4377 outsize=1246 kw=UNITY_PASS_FORWARDADD DIRECTIONAL pd=UNITY_ENABLE_REFLECTION_BUFFERS UNITY_USE_DITHER_MASK_FOR_ALPHABLENDED_SHADOWS UNITY_PBS_USE_BRDF1 UNITY_SPECCUBE_BOX_PROJECTION UNITY_SPECCUBE_BLENDING UNITY_ENABLE_DETAIL_NORMALMAP SHADER_API_DESKTOP UNITY_COLORSPACE_GAMMA UNITY_LIGHT_PROBE_PROXY_VOLUME UNITY_LIGHTMAP_FULL_HDR ok=1
Cmd: preprocess
  insize=10252 outsize=10249 ok=1
Cmd: preprocess
  insize=9831 outsize=9828 ok=1
Cmd: preprocess
  insize=10084 outsize=10081 ok=1
Cmd: preprocess
  insize=9710 outsize=9707 ok=1
Cmd: preprocess
  insize=15397 outsize=11483 ok=1
Cmd: preprocess
  insize=9256 outsize=9253 ok=1
Cmd: preprocess
  insize=10453 outsize=10450 ok=1
Cmd: preprocess
  insize=9579 outsize=9576 ok=1
Cmd: preprocess
  insize=9028 outsize=9025 ok=1
Cmd: preprocess
  insize=10198 outsize=10195 ok=1
Cmd: preprocess
  insize=14538 outsize=11922 ok=1
Cmd: preprocess
  insize=10541 outsize=10538 ok=1
Cmd: preprocess
  insize=9344 outsize=9341 ok=1
Cmd: preprocess
  insize=15093 outsize=12472 ok=1
Cmd: preprocess
  insize=2903 outsize=2270 ok=1
Cmd: preprocess
  insize=14031 outsize=11413 ok=1
Cmd: preprocess
  insize=14533 outsize=11912 ok=1
Cmd: preprocess
  insize=11689 outsize=10598 ok=1
Cmd: preprocess
  insize=13855 outsize=11339 ok=1
Cmd: preprocess
  insize=10219 outsize=10216 ok=1
Cmd: preprocess
  insize=9510 outsize=9507 ok=1
Cmd: preprocess
  insize=9918 outsize=9915 ok=1
Cmd: preprocess
  insize=9090 outsize=9087 ok=1
Cmd: preprocess
  insize=10364 outsize=10361 ok=1
Cmd: preprocess
  insize=9641 outsize=9638 ok=1
Cmd: preprocess
  insize=9724 outsize=9721 ok=1
Cmd: preprocess
  insize=9420 outsize=9417 ok=1
Cmd: preprocess
  insize=13738 outsize=11219 ok=1
Cmd: preprocess
  insize=16204 outsize=12188 ok=1
Cmd: preprocess
  insize=9097 outsize=9094 ok=1
Cmd: preprocess
  insize=15989 outsize=12072 ok=1
Cmd: preprocess
  insize=10121 outsize=10118 ok=1
Cmd: preprocess
  insize=16764 outsize=12748 ok=1
Cmd: preprocess
  insize=9989 outsize=9986 ok=1
Cmd: preprocess
  insize=9755 outsize=9752 ok=1
Cmd: preprocess
  insize=10130 outsize=10127 ok=1
Cmd: preprocess
  insize=3718 outsize=2820 ok=1
Cmd: preprocess
  insize=9387 outsize=9384 ok=1
Cmd: preprocess
  insize=9518 outsize=9515 ok=1
Cmd: preprocess
  insize=8862 outsize=8859 ok=1
Cmd: preprocess
  insize=15702 outsize=11690 ok=1
Cmd: preprocess
  insize=14597 outsize=11974 ok=1
Cmd: preprocess
  insize=10899 outsize=10140 ok=1
Cmd: preprocess
  insize=10783 outsize=10068 ok=1
Cmd: preprocess
  insize=9351 outsize=9348 ok=1
Cmd: preprocess
  insize=9833 outsize=9830 ok=1
Cmd: preprocess
  insize=9323 outsize=9320 ok=1
Cmd: preprocess
  insize=15526 outsize=11615 ok=1
Cmd: preprocess
  insize=16268 outsize=12251 ok=1
Cmd: preprocess
  insize=3416 outsize=2517 ok=1
Cmd: preprocess
  insize=16209 outsize=12198 ok=1
Cmd: preprocess
  insize=15121 outsize=11083 ok=1
Cmd: preprocess
  insize=9807 outsize=9804 ok=1
Cmd: preprocess
  insize=9645 outsize=9642 ok=1
Cmd: preprocess
  insize=10068 outsize=10065 ok=1
Cmd: preprocess
  insize=16096 outsize=12166 ok=1
Cmd: preprocess
  insize=10146 outsize=10143 ok=1
Cmd: preprocess
  insize=10320 outsize=10317 ok=1
Cmd: preprocess
  insize=13832 outsize=11298 ok=1
Cmd: preprocess
  insize=11610 outsize=10474 ok=1
Cmd: preprocess
  insize=10041 outsize=10038 ok=1
Cmd: preprocess
  insize=9484 outsize=9481 ok=1
Cmd: preprocess
  insize=10697 outsize=10694 ok=1
Cmd: preprocess
  insize=14425 outsize=11891 ok=1
Cmd: preprocess
  insize=9177 outsize=9174 ok=1
Cmd: preprocess
  insize=15512 outsize=11601 ok=1
Cmd: preprocess
  insize=9667 outsize=9664 ok=1
Cmd: preprocess
  insize=14614 outsize=11991 ok=1
Cmd: preprocess
  insize=13840 outsize=11324 ok=1
Cmd: preprocess
  insize=16081 outsize=12149 ok=1
Cmd: preprocess
  insize=15615 outsize=11605 ok=1
Cmd: preprocess
  insize=9841 outsize=9838 ok=1
Cmd: preprocess
  insize=14326 outsize=11807 ok=1
Cmd: preprocess
  insize=13944 outsize=11329 ok=1
Cmd: preprocess
  insize=14047 outsize=11429 ok=1
Cmd: preprocess
  insize=13425 outsize=10807 ok=1
Cmd: preprocess
  insize=10981 outsize=10266 ok=1
Cmd: preprocess
  insize=9516 outsize=9513 ok=1
Cmd: preprocess
  insize=9587 outsize=9584 ok=1
Cmd: preprocess
  insize=13215 outsize=10710 ok=1
Cmd: preprocess
  insize=14408 outsize=11874 ok=1
Cmd: preprocess
  insize=11491 outsize=10400 ok=1
Cmd: preprocess
  insize=9779 outsize=9776 ok=1
Cmd: preprocess
  insize=9959 outsize=9956 ok=1
Cmd: preprocess
  insize=15997 outsize=12080 ok=1
Cmd: preprocess
  insize=9413 outsize=9410 ok=1
Cmd: preprocess
  insize=9330 outsize=9327 ok=1
Cmd: preprocess
  insize=9201 outsize=9198 ok=1
Cmd: preprocess
  insize=10190 outsize=10187 ok=1
Cmd: preprocess
  insize=15718 outsize=11706 ok=1
Cmd: preprocess
  insize=9596 outsize=9593 ok=1
Cmd: preprocess
  insize=11796 outsize=10660 ok=1
Cmd: preprocess
  insize=16285 outsize=12268 ok=1
Cmd: preprocess
  insize=10375 outsize=10372 ok=1
Cmd: preprocess
  insize=9456 outsize=9453 ok=1
Cmd: preprocess
  insize=14318 outsize=11799 ok=1
Cmd: preprocess
  insize=9021 outsize=9018 ok=1
Cmd: preprocess
  insize=3187 outsize=2544 ok=1
Cmd: preprocess
  insize=10077 outsize=10074 ok=1
Cmd: preprocess
  insize=9902 outsize=9899 ok=1
Cmd: preprocess
  insize=14026 outsize=11403 ok=1
Cmd: preprocess
  insize=11097 outsize=10338 ok=1
Cmd: preprocess
  insize=9762 outsize=9759 ok=1
Cmd: preprocess
  insize=15698 outsize=11679 ok=1
Cmd: preprocess
  insize=14903 outsize=10991 ok=1
Cmd: preprocess
  insize=15505 outsize=11576 ok=1
Cmd: preprocess
  insize=8933 outsize=8930 ok=1
Cmd: preprocess
  insize=9910 outsize=9907 ok=1
Cmd: preprocess
  insize=9824 outsize=9821 ok=1
Cmd: preprocess
  insize=10153 outsize=10150 ok=1
Cmd: compileSnippet
  api=4 type=0 insize=1031 outsize=934 kw=UNITY_PASS_SHADOWCASTER SHADOWS_DEPTH _IS_CLIPPING_TRANSMODE pd=UNITY_ENABLE_REFLECTION_BUFFERS UNITY_USE_DITHER_MASK_FOR_ALPHABLENDED_SHADOWS UNITY_PBS_USE_BRDF1 UNITY_SPECCUBE_BOX_PROJECTION UNITY_SPECCUBE_BLENDING UNITY_ENABLE_DETAIL_NORMALMAP SHADER_API_DESKTOP UNITY_COLORSPACE_GAMMA UNITY_LIGHT_PROBE_PROXY_VOLUME UNITY_LIGHTMAP_FULL_HDR ok=1
Cmd: compileSnippet
  api=4 type=1 insize=1031 outsize=786 kw=UNITY_PASS_SHADOWCASTER SHADOWS_DEPTH _IS_CLIPPING_TRANSMODE pd=UNITY_ENABLE_REFLECTION_BUFFERS UNITY_USE_DITHER_MASK_FOR_ALPHABLENDED_SHADOWS UNITY_PBS_USE_BRDF1 UNITY_SPECCUBE_BOX_PROJECTION UNITY_SPECCUBE_BLENDING UNITY_ENABLE_DETAIL_NORMALMAP SHADER_API_DESKTOP UNITY_COLORSPACE_GAMMA UNITY_LIGHT_PROBE_PROXY_VOLUME UNITY_LIGHTMAP_FULL_HDR ok=1
Cmd: compileSnippet
  api=4 type=0 insize=1084 outsize=2770 kw=UNITY_PASS_FORWARDBASE _IS_OUTLINE_CLIPPING_YES _OUTLINE_NML pd=UNITY_ENABLE_REFLECTION_BUFFERS UNITY_USE_DITHER_MASK_FOR_ALPHABLENDED_SHADOWS UNITY_PBS_USE_BRDF1 UNITY_SPECCUBE_BOX_PROJECTION UNITY_SPECCUBE_BLENDING UNITY_ENABLE_DETAIL_NORMALMAP SHADER_API_DESKTOP UNITY_COLORSPACE_GAMMA UNITY_LIGHT_PROBE_PROXY_VOLUME UNITY_LIGHTMAP_FULL_HDR ok=1
Cmd: compileSnippet
  api=4 type=1 insize=1084 outsize=2530 kw=UNITY_PASS_FORWARDBASE _IS_OUTLINE_CLIPPING_YES _OUTLINE_NML pd=UNITY_ENABLE_REFLECTION_BUFFERS UNITY_USE_DITHER_MASK_FOR_ALPHABLENDED_SHADOWS UNITY_PBS_USE_BRDF1 UNITY_SPECCUBE_BOX_PROJECTION UNITY_SPECCUBE_BLENDING UNITY_ENABLE_DETAIL_NORMALMAP SHADER_API_DESKTOP UNITY_COLORSPACE_GAMMA UNITY_LIGHT_PROBE_PROXY_VOLUME UNITY_LIGHTMAP_FULL_HDR ok=1
Cmd: compileSnippet
  api=4 type=0 insize=1191 outsize=1938 kw=UNITY_PASS_FORWARDBASE DIRECTIONAL LIGHTPROBE_SH _IS_PASS_FWDBASE _EMISSIVE_SIMPLE _IS_CLIPPING_TRANSMODE pd=UNITY_ENABLE_REFLECTION_BUFFERS UNITY_USE_DITHER_MASK_FOR_ALPHABLENDED_SHADOWS UNITY_PBS_USE_BRDF1 UNITY_SPECCUBE_BOX_PROJECTION UNITY_SPECCUBE_BLENDING UNITY_ENABLE_DETAIL_NORMALMAP SHADER_API_DESKTOP UNITY_COLORSPACE_GAMMA UNITY_LIGHT_PROBE_PROXY_VOLUME UNITY_LIGHTMAP_FULL_HDR ok=1
Cmd: compileSnippet
  api=4 type=1 insize=1191 outsize=14050 kw=UNITY_PASS_FORWARDBASE DIRECTIONAL LIGHTPROBE_SH _IS_PASS_FWDBASE _EMISSIVE_SIMPLE _IS_CLIPPING_TRANSMODE pd=UNITY_ENABLE_REFLECTION_BUFFERS UNITY_USE_DITHER_MASK_FOR_ALPHABLENDED_SHADOWS UNITY_PBS_USE_BRDF1 UNITY_SPECCUBE_BOX_PROJECTION UNITY_SPECCUBE_BLENDING UNITY_ENABLE_DETAIL_NORMALMAP SHADER_API_DESKTOP UNITY_COLORSPACE_GAMMA UNITY_LIGHT_PROBE_PROXY_VOLUME UNITY_LIGHTMAP_FULL_HDR ok=1
Cmd: compileSnippet
  api=4 type=0 insize=1110 outsize=1938 kw=UNITY_PASS_FORWARDADD DIRECTIONAL _IS_PASS_FWDDELTA _IS_CLIPPING_TRANSMODE pd=UNITY_ENABLE_REFLECTION_BUFFERS UNITY_USE_DITHER_MASK_FOR_ALPHABLENDED_SHADOWS UNITY_PBS_USE_BRDF1 UNITY_SPECCUBE_BOX_PROJECTION UNITY_SPECCUBE_BLENDING UNITY_ENABLE_DETAIL_NORMALMAP SHADER_API_DESKTOP UNITY_COLORSPACE_GAMMA UNITY_LIGHT_PROBE_PROXY_VOLUME UNITY_LIGHTMAP_FULL_HDR ok=1
Cmd: compileSnippet
  api=4 type=1 insize=1110 outsize=6034 kw=UNITY_PASS_FORWARDADD DIRECTIONAL _IS_PASS_FWDDELTA _IS_CLIPPING_TRANSMODE pd=UNITY_ENABLE_REFLECTION_BUFFERS UNITY_USE_DITHER_MASK_FOR_ALPHABLENDED_SHADOWS UNITY_PBS_USE_BRDF1 UNITY_SPECCUBE_BOX_PROJECTION UNITY_SPECCUBE_BLENDING UNITY_ENABLE_DETAIL_NORMALMAP SHADER_API_DESKTOP UNITY_COLORSPACE_GAMMA UNITY_LIGHT_PROBE_PROXY_VOLUME UNITY_LIGHTMAP_FULL_HDR ok=1
Cmd: preprocess
  insize=15397 outsize=11483 ok=1
Cmd: preprocess
  insize=14538 outsize=11922 ok=1
Cmd: preprocess
  insize=15093 outsize=12472 ok=1
Cmd: preprocess
  insize=2903 outsize=2270 ok=1
Cmd: preprocess
  insize=14031 outsize=11413 ok=1
Cmd: preprocess
  insize=14533 outsize=11912 ok=1
Cmd: preprocess
  insize=11689 outsize=10598 ok=1
Cmd: preprocess
  insize=13855 outsize=11339 ok=1
Cmd: preprocess
  insize=13738 outsize=11219 ok=1
Cmd: preprocess
  insize=16204 outsize=12188 ok=1
Cmd: preprocess
  insize=15989 outsize=12072 ok=1
Cmd: preprocess
  insize=16764 outsize=12748 ok=1
Cmd: preprocess
  insize=3718 outsize=2820 ok=1
Cmd: preprocess
  insize=15702 outsize=11690 ok=1
Cmd: preprocess
  insize=14597 outsize=11974 ok=1
Cmd: preprocess
  insize=10899 outsize=10140 ok=1
Cmd: preprocess
  insize=10783 outsize=10068 ok=1
Cmd: preprocess
  insize=15526 outsize=11615 ok=1
Cmd: preprocess
  insize=16268 outsize=12251 ok=1
Cmd: preprocess
  insize=3416 outsize=2517 ok=1
Cmd: preprocess
  insize=16209 outsize=12198 ok=1
Cmd: preprocess
  insize=15121 outsize=11083 ok=1
Cmd: preprocess
  insize=16096 outsize=12166 ok=1
Cmd: preprocess
  insize=13832 outsize=11298 ok=1
Cmd: preprocess
  insize=11610 outsize=10474 ok=1
Cmd: preprocess
  insize=14425 outsize=11891 ok=1
Cmd: preprocess
  insize=15512 outsize=11601 ok=1
Cmd: preprocess
  insize=14614 outsize=11991 ok=1
Cmd: preprocess
  insize=13840 outsize=11324 ok=1
Cmd: preprocess
  insize=16081 outsize=12149 ok=1
Cmd: preprocess
  insize=15615 outsize=11605 ok=1
Cmd: preprocess
  insize=14326 outsize=11807 ok=1
Cmd: preprocess
  insize=13944 outsize=11329 ok=1
Cmd: preprocess
  insize=14047 outsize=11429 ok=1
Cmd: preprocess
  insize=13425 outsize=10807 ok=1
Cmd: preprocess
  insize=10981 outsize=10266 ok=1
Cmd: preprocess
  insize=13215 outsize=10710 ok=1
Cmd: preprocess
  insize=14408 outsize=11874 ok=1
Cmd: preprocess
  insize=11491 outsize=10400 ok=1
Cmd: preprocess
  insize=15997 outsize=12080 ok=1
Cmd: preprocess
  insize=15718 outsize=11706 ok=1
Cmd: preprocess
  insize=11796 outsize=10660 ok=1
Cmd: preprocess
  insize=16285 outsize=12268 ok=1
Cmd: preprocess
  insize=14318 outsize=11799 ok=1
Cmd: preprocess
  insize=3187 outsize=2544 ok=1
Cmd: preprocess
  insize=14026 outsize=11403 ok=1
Cmd: preprocess
  insize=11097 outsize=10338 ok=1
Cmd: preprocess
  insize=15698 outsize=11679 ok=1
Cmd: preprocess
  insize=14903 outsize=10991 ok=1
Cmd: preprocess
  insize=15505 outsize=11576 ok=1
